<?xml version="1.0" encoding="UTF-8"?>
<testng-results ignored="0" total="1" passed="1" failed="0" skipped="0">
  <reporter-output>
  </reporter-output>
  <suite started-at="2024-11-29T17:47:59 IST" name="Default suite" finished-at="2024-11-29T17:48:13 IST" duration-ms="13550">
    <groups>
    </groups>
    <test started-at="2024-11-29T17:47:59 IST" name="Default test" finished-at="2024-11-29T17:48:13 IST" duration-ms="13550">
      <class name="module1_Login.SwagLabLoginTest">
        <test-method is-config="true" signature="OpenBrowwsera()[pri:0, instance:module1_Login.SwagLabLoginTest@2e385cce]" started-at="2024-11-29T17:47:59 IST" name="OpenBrowwsera" finished-at="2024-11-29T17:48:04 IST" duration-ms="4851" status="PASS">
          <reporter-output>
          </reporter-output>
        </test-method> <!-- OpenBrowwsera -->
        <test-method is-config="true" signature="login()[pri:0, instance:module1_Login.SwagLabLoginTest@2e385cce]" started-at="2024-11-29T17:48:04 IST" name="login" finished-at="2024-11-29T17:48:05 IST" duration-ms="746" status="PASS">
          <reporter-output>
          </reporter-output>
        </test-method> <!-- login -->
        <test-method signature="homepage()[pri:0, instance:module1_Login.SwagLabLoginTest@2e385cce]" started-at="2024-11-29T17:48:05 IST" name="homepage" finished-at="2024-11-29T17:48:06 IST" duration-ms="1252" status="PASS">
          <reporter-output>
          </reporter-output>
        </test-method> <!-- homepage -->
        <test-method is-config="true" signature="logout(org.testng.ITestResult)[pri:0, instance:module1_Login.SwagLabLoginTest@2e385cce]" started-at="2024-11-29T17:48:06 IST" name="logout" finished-at="2024-11-29T17:48:12 IST" duration-ms="6009" status="PASS">
          <params>
            <param index="0">
              <value>
                <![CDATA[[TestResult name=homepage status=SUCCESS method=SwagLabLoginTest.homepage()[pri:0, instance:module1_Login.SwagLabLoginTest@2e385cce] output={null}]]]>
              </value>
            </param>
          </params>
          <reporter-output>
          </reporter-output>
        </test-method> <!-- logout -->
        <test-method is-config="true" signature="closeBrowser()[pri:0, instance:module1_Login.SwagLabLoginTest@2e385cce]" started-at="2024-11-29T17:48:12 IST" name="closeBrowser" finished-at="2024-11-29T17:48:13 IST" duration-ms="573" status="PASS">
          <reporter-output>
          </reporter-output>
        </test-method> <!-- closeBrowser -->
      </class> <!-- module1_Login.SwagLabLoginTest -->
    </test> <!-- Default test -->
  </suite> <!-- Default suite -->
</testng-results>
