<?xml version="1.0" encoding="UTF-8"?>
<!-- Generated by org.testng.reporters.JUnitXMLReporter -->
<testsuite ignored="0" hostname="DESKTOP-SHNC452" failures="1" tests="1" name="edge" time="5.072" errors="0" timestamp="2024-12-09T19:30:06 IST">
  <testcase classname="module1_Login.SwagLabLoginTest" name="@AfterMethod logout" time="0.362">
    <failure type="java.io.FileNotFoundException" message="C:\Users\Hp\eclipse-workspace\SauceLab\ScreenShot\TestCaseID_101.jpg (The system cannot find the path specified)">
      <![CDATA[java.io.FileNotFoundException: C:\Users\Hp\eclipse-workspace\SauceLab\ScreenShot\TestCaseID_101.jpg (The system cannot find the path specified)
at java.base/java.io.FileOutputStream.open0(Native Method)
at java.base/java.io.FileOutputStream.open(FileOutputStream.java:289)
at java.base/java.io.FileOutputStream.<init>(FileOutputStream.java:230)
at java.base/java.io.FileOutputStream.<init>(FileOutputStream.java:179)
at org.openqa.selenium.io.FileHandler.copyFile(FileHandler.java:131)
at org.openqa.selenium.io.FileHandler.copy(FileHandler.java:110)
at LibrarryClass.Utility.getSS(Utility.java:34)
at module1_Login.SwagLabLoginTest.logout(SwagLabLoginTest.java:71)
at java.base/java.util.ArrayList.forEach(ArrayList.java:1597)
... Removed 30 stack frames]]>
    </failure>
  </testcase> <!-- @AfterMethod logout -->
  <testcase classname="module1_Login.SwagLabLoginTest" name="@AfterClass closeBrowser" time="-1.733752806919E9">
    <skipped/>
  </testcase> <!-- @AfterClass closeBrowser -->
  <testcase classname="module1_Login.SwagLabLoginTest" name="homepage" time="0.005">
    <failure type="java.io.FileNotFoundException" message="C:\Users\Hp\eclipse-workspace\SauceLab\TestData\ExtractData.xlsx (The system cannot find the path specified)">
      <![CDATA[java.io.FileNotFoundException: C:\Users\Hp\eclipse-workspace\SauceLab\TestData\ExtractData.xlsx (The system cannot find the path specified)
at java.base/java.io.FileInputStream.open0(Native Method)
at java.base/java.io.FileInputStream.open(FileInputStream.java:213)
at java.base/java.io.FileInputStream.<init>(FileInputStream.java:152)
at java.base/java.io.FileInputStream.<init>(FileInputStream.java:106)
at LibrarryClass.Utility.getTD(Utility.java:23)
at module1_Login.SwagLabLoginTest.homepage(SwagLabLoginTest.java:59)
at java.base/java.util.ArrayList.forEach(ArrayList.java:1597)
... Removed 25 stack frames]]>
    </failure>
  </testcase> <!-- homepage -->
</testsuite> <!-- edge -->
