<?xml version="1.0" encoding="UTF-8"?>
<!-- Generated by org.testng.reporters.JUnitXMLReporter -->
<testsuite ignored="0" hostname="DESKTOP-SHNC452" failures="0" tests="1" name="firefox" time="20.116" errors="0" timestamp="2024-11-29T17:32:06 IST">
  <testcase classname="module1_Login.SwagLabLoginTest" name="@AfterMethod logout" time="9.494">
    <failure type="org.openqa.selenium.ElementNotInteractableException" message="Element &amp;lt;a id=&amp;quot;logout_sidebar_link&amp;quot; class=&amp;quot;bm-item menu-item&amp;quot; href=&amp;quot;#&amp;quot;&amp;gt; could not be scrolled into view
Build info: version: &amp;apos;4.26.0&amp;apos;, revision: &amp;apos;8ccf0219d7&amp;apos;
System info: os.name: &amp;apos;Windows 11&amp;apos;, os.arch: &amp;apos;amd64&amp;apos;, os.version: &amp;apos;10.0&amp;apos;, java.version: &amp;apos;22.0.1&amp;apos;
Driver info: org.openqa.selenium.firefox.FirefoxDriver
Command: [07da29d1-7f82-402a-b752-b2e4a1ef8aa1, clickElement {id=9adc4d4e-086a-45fa-a720-768a84cf0e1f}]
Capabilities {acceptInsecureCerts: true, browserName: firefox, browserVersion: 132.0.2, moz:accessibilityChecks: false, moz:buildID: 20241110231641, moz:debuggerAddress: 127.0.0.1:32751, moz:geckodriverVersion: 0.35.0, moz:headless: false, moz:platformVersion: 10.0, moz:processID: 8816, moz:profile: C:\Users\Hp\AppData\Local\T..., moz:shutdownTimeout: 60000, moz:webdriverClick: true, moz:windowless: false, pageLoadStrategy: normal, platformName: windows, proxy: Proxy(), se:cdp: ws://127.0.0.1:32751/devtoo..., se:cdpVersion: 85.0, setWindowRect: true, strictFileInteractability: false, timeouts: {implicit: 0, pageLoad: 300000, script: 30000}, unhandledPromptBehavior: dismiss and notify, userAgent: Mozilla/5.0 (Windows NT 10....}
Element: [[FirefoxDriver: firefox on windows (07da29d1-7f82-402a-b752-b2e4a1ef8aa1)] -&amp;gt; xpath: //a[@id=&amp;apos;logout_sidebar_link&amp;apos;]]
Session ID: 07da29d1-7f82-402a-b752-b2e4a1ef8aa1">
      <![CDATA[org.openqa.selenium.ElementNotInteractableException: Element <a id="logout_sidebar_link" class="bm-item menu-item" href="#"> could not be scrolled into view
Build info: version: '4.26.0', revision: '8ccf0219d7'
System info: os.name: 'Windows 11', os.arch: 'amd64', os.version: '10.0', java.version: '22.0.1'
Driver info: org.openqa.selenium.firefox.FirefoxDriver
Command: [07da29d1-7f82-402a-b752-b2e4a1ef8aa1, clickElement {id=9adc4d4e-086a-45fa-a720-768a84cf0e1f}]
Capabilities {acceptInsecureCerts: true, browserName: firefox, browserVersion: 132.0.2, moz:accessibilityChecks: false, moz:buildID: 20241110231641, moz:debuggerAddress: 127.0.0.1:32751, moz:geckodriverVersion: 0.35.0, moz:headless: false, moz:platformVersion: 10.0, moz:processID: 8816, moz:profile: C:\Users\Hp\AppData\Local\T..., moz:shutdownTimeout: 60000, moz:webdriverClick: true, moz:windowless: false, pageLoadStrategy: normal, platformName: windows, proxy: Proxy(), se:cdp: ws://127.0.0.1:32751/devtoo..., se:cdpVersion: 85.0, setWindowRect: true, strictFileInteractability: false, timeouts: {implicit: 0, pageLoad: 300000, script: 30000}, unhandledPromptBehavior: dismiss and notify, userAgent: Mozilla/5.0 (Windows NT 10....}
Element: [[FirefoxDriver: firefox on windows (07da29d1-7f82-402a-b752-b2e4a1ef8aa1)] -> xpath: //a[@id='logout_sidebar_link']]
Session ID: 07da29d1-7f82-402a-b752-b2e4a1ef8aa1
at org.openqa.selenium.remote.ErrorCodec.decode(ErrorCodec.java:167)
at org.openqa.selenium.remote.codec.w3c.W3CHttpResponseCodec.decode(W3CHttpResponseCodec.java:138)
at org.openqa.selenium.remote.codec.w3c.W3CHttpResponseCodec.decode(W3CHttpResponseCodec.java:50)
at org.openqa.selenium.remote.HttpCommandExecutor.execute(HttpCommandExecutor.java:190)
at org.openqa.selenium.remote.service.DriverCommandExecutor.invokeExecute(DriverCommandExecutor.java:216)
at org.openqa.selenium.remote.service.DriverCommandExecutor.execute(DriverCommandExecutor.java:174)
at org.openqa.selenium.remote.RemoteWebDriver.execute(RemoteWebDriver.java:545)
at org.openqa.selenium.remote.RemoteWebElement.execute(RemoteWebElement.java:223)
at org.openqa.selenium.remote.RemoteWebElement.click(RemoteWebElement.java:76)
at org.openqa.selenium.support.pagefactory.internal.LocatingElementHandler.invoke(LocatingElementHandler.java:51)
at jdk.proxy2/jdk.proxy2.$Proxy16.click(Unknown Source)
at module1_Login.SwagLabMenuPage.clickSwagLabMenuPageLogoutBtn(SwagLabMenuPage.java:25)
at module1_Login.SwagLabLoginTest.logout(SwagLabLoginTest.java:83)
at java.base/java.util.ArrayList.forEach(ArrayList.java:1597)
... Removed 35 stack frames]]>
    </failure>
  </testcase> <!-- @AfterMethod logout -->
  <testcase classname="module1_Login.SwagLabLoginTest" name="@AfterClass closeBrowser" time="-1.73288172636E9">
    <skipped/>
  </testcase> <!-- @AfterClass closeBrowser -->
  <testcase classname="module1_Login.SwagLabLoginTest" name="homepage" time="0.346"/>
</testsuite> <!-- firefox -->
